f:\c语言\熊猫烧香\panda\panda\release\vc142.pdb
f:\c语言\熊猫烧香\panda\panda\release\panda.obj
f:\c语言\熊猫烧香\panda\panda\release\global.obj
f:\c语言\熊猫烧香\panda\release\panda.exe
f:\c语言\熊猫烧香\panda\release\panda.pdb
c:\users\11413\desktop\panda\release\panda.ipdb
c:\users\11413\desktop\panda\release\panda.iobj
g:\c项目\panda\release\panda.ipdb
g:\c项目\panda\release\panda.iobj
f:\c语言\熊猫烧香\panda\release\panda.ipdb
f:\c语言\熊猫烧香\panda\release\panda.iobj
f:\c语言\熊猫烧香\panda\panda\release\panda.res
f:\c语言\熊猫烧香\panda\panda\release\vc141.pdb
f:\c语言\熊猫烧香\panda\panda\release\panda.tlog\cl.command.1.tlog
f:\c语言\熊猫烧香\panda\panda\release\panda.tlog\cl.read.1.tlog
f:\c语言\熊猫烧香\panda\panda\release\panda.tlog\cl.write.1.tlog
f:\c语言\熊猫烧香\panda\panda\release\panda.tlog\link.command.1.tlog
f:\c语言\熊猫烧香\panda\panda\release\panda.tlog\link.read.1.tlog
f:\c语言\熊猫烧香\panda\panda\release\panda.tlog\link.write.1.tlog
f:\c语言\熊猫烧香\panda\panda\release\panda.tlog\panda.write.1u.tlog
f:\c语言\熊猫烧香\panda\panda\release\panda.tlog\rc.command.1.tlog
f:\c语言\熊猫烧香\panda\panda\release\panda.tlog\rc.read.1.tlog
f:\c语言\熊猫烧香\panda\panda\release\panda.tlog\rc.write.1.tlog
